20-01-2025 11:23:08 INFO  Login:33: INFO:: run login
20-01-2025 11:36:53 INFO  Login:250: INFO:: login success email:IHARA@GMAIL.COM
20-01-2025 11:36:54 INFO  Home:157: INFO:: search Stock
20-01-2025 11:36:54 INFO  Home:157: INFO:: search Stock
20-01-2025 11:36:54 INFO  Home:157: INFO:: search Stock
20-01-2025 11:36:54 INFO  Home:157: INFO:: search Stock
20-01-2025 11:36:54 INFO  Home:157: INFO:: search Stock
20-01-2025 11:36:54 INFO  Home:157: INFO:: search Stock
20-01-2025 11:36:54 INFO  Home:157: INFO:: search Stock
20-01-2025 11:36:54 INFO  Home:157: INFO:: search Stock
20-01-2025 11:36:54 INFO  Home:69: INFO:: run home
20-01-2025 11:36:54 INFO  Home:105: INFO:: get logged user data success
20-01-2025 11:36:56 INFO  Home:735: INFO:: User Manage load Users Types
20-01-2025 11:36:56 INFO  Home:752: INFO:: User Manage load Users Types search Combobox
20-01-2025 11:36:56 INFO  Home:769: INFO:: User Manage load Users Status search Combobox
20-01-2025 11:36:56 INFO  Home:686: INFO:: User Manage load Users Table
20-01-2025 12:56:21 INFO  Home:6218: INFO:: grn history, print selected grn
20-01-2025 12:56:46 INFO  Home:6291: INFO:: invoice history, print invoice list
20-01-2025 12:57:11 INFO  Home:851: INFO:: Invoice load category combo box
20-01-2025 12:57:11 INFO  Home:868: INFO:: Invoice load product table
20-01-2025 12:57:11 INFO  Home:828: INFO:: Invoice load payment types
20-01-2025 12:57:17 INFO  Home:5516: INFO:: invoice, add product to cart
20-01-2025 12:57:19 INFO  Home:868: INFO:: Invoice load product table
20-01-2025 12:57:25 INFO  Home:823: INFO:: Invoice calculate balance
20-01-2025 12:57:26 INFO  Home:5612: INFO:: add new invoice
20-01-2025 12:57:29 INFO  Home:5639: INFO:: invoice printed.
20-01-2025 12:57:33 INFO  Home:851: INFO:: Invoice load category combo box
20-01-2025 12:57:33 INFO  Home:868: INFO:: Invoice load product table
20-01-2025 12:57:33 INFO  Home:828: INFO:: Invoice load payment types
20-01-2025 12:57:33 INFO  Home:805: INFO:: Invoice reset panel
20-01-2025 15:03:36 INFO  Login:33: INFO:: run login
20-01-2025 15:04:01 INFO  Login:250: INFO:: login success email:IHARA@GMAIL.COM
20-01-2025 15:04:02 INFO  Home:158: INFO:: search Stock
20-01-2025 15:04:02 INFO  Home:158: INFO:: search Stock
20-01-2025 15:04:02 INFO  Home:158: INFO:: search Stock
20-01-2025 15:04:02 INFO  Home:158: INFO:: search Stock
20-01-2025 15:04:02 INFO  Home:158: INFO:: search Stock
20-01-2025 15:04:02 INFO  Home:158: INFO:: search Stock
20-01-2025 15:04:02 INFO  Home:158: INFO:: search Stock
20-01-2025 15:04:02 INFO  Home:158: INFO:: search Stock
20-01-2025 15:04:02 INFO  Home:70: INFO:: run home
20-01-2025 15:04:02 INFO  Home:106: INFO:: get logged user data success
