03-07-2024 00:11:03 INFO  Home:49: INFO:: run home
03-07-2024 00:11:04 ERROR Home:84: ERROR:: get logged user data error
03-07-2024 00:14:13 INFO  Home:54: INFO:: run home
03-07-2024 00:14:14 ERROR Home:89: ERROR:: get logged user data error
03-07-2024 00:20:45 INFO  Home:54: INFO:: run home
03-07-2024 00:20:46 ERROR Home:89: ERROR:: get logged user data error
03-07-2024 00:30:42 INFO  Home:54: INFO:: run home
03-07-2024 00:30:43 ERROR Home:89: ERROR:: get logged user data error
03-07-2024 00:32:11 INFO  Home:54: INFO:: run home
03-07-2024 00:32:12 ERROR Home:89: ERROR:: get logged user data error
03-07-2024 00:36:22 INFO  Home:54: INFO:: run home
03-07-2024 00:36:23 ERROR Home:89: ERROR:: get logged user data error
03-07-2024 00:37:42 INFO  Home:54: INFO:: run home
03-07-2024 00:37:43 ERROR Home:89: ERROR:: get logged user data error
03-07-2024 00:43:17 INFO  Home:54: INFO:: run home
03-07-2024 00:43:18 ERROR Home:89: ERROR:: get logged user data error
03-07-2024 00:43:59 INFO  Home:54: INFO:: run home
03-07-2024 00:44:00 ERROR Home:89: ERROR:: get logged user data error
03-07-2024 00:47:38 INFO  Home:54: INFO:: run home
03-07-2024 00:47:39 ERROR Home:89: ERROR:: get logged user data error
03-07-2024 00:51:29 INFO  Home:54: INFO:: run home
03-07-2024 00:51:30 ERROR Home:89: ERROR:: get logged user data error
03-07-2024 00:52:25 INFO  Home:54: INFO:: run home
03-07-2024 00:52:26 ERROR Home:89: ERROR:: get logged user data error
03-07-2024 00:53:00 INFO  Home:54: INFO:: run home
03-07-2024 00:53:01 ERROR Home:89: ERROR:: get logged user data error
03-07-2024 00:56:30 INFO  Home:54: INFO:: run home
03-07-2024 00:56:31 ERROR Home:89: ERROR:: get logged user data error
03-07-2024 01:10:02 INFO  Home:54: INFO:: run home
03-07-2024 01:10:02 ERROR Home:89: ERROR:: get logged user data error
03-07-2024 01:17:38 INFO  Home:54: INFO:: run home
03-07-2024 01:17:39 ERROR Home:89: ERROR:: get logged user data error
03-07-2024 01:35:15 INFO  Login:31: INFO:: run login
03-07-2024 01:35:30 INFO  Login:225: INFO:: login success email:ihara@gmail.com
03-07-2024 01:35:31 INFO  Home:54: INFO:: run home
03-07-2024 01:35:31 INFO  Home:106: INFO:: get logged user data success
03-07-2024 01:36:50 INFO  Login:31: INFO:: run login
03-07-2024 01:37:04 INFO  Login:225: INFO:: login success email:ihara@gmail.com
03-07-2024 01:37:05 INFO  Home:54: INFO:: run home
03-07-2024 01:37:05 INFO  Home:106: INFO:: get logged user data success
03-07-2024 01:38:25 INFO  Login:31: INFO:: run login
03-07-2024 01:38:39 INFO  Login:225: INFO:: login success email:ihara@gmail.com
03-07-2024 01:38:39 INFO  Home:54: INFO:: run home
03-07-2024 01:38:39 INFO  Home:107: INFO:: get logged user data success
03-07-2024 01:41:34 INFO  Login:31: INFO:: run login
03-07-2024 01:41:52 WARN  Login:232: WARNING:: Invalid login email:hasitha@gmail.com
03-07-2024 01:42:04 INFO  Login:225: INFO:: login success email:hashitha@gmail.com
03-07-2024 01:42:05 INFO  Home:54: INFO:: run home
03-07-2024 01:42:05 INFO  Home:107: INFO:: get logged user data success
03-07-2024 01:43:07 INFO  Home:54: INFO:: run home
03-07-2024 01:43:08 ERROR Home:110: ERROR:: get logged user data error
03-07-2024 01:43:48 INFO  Home:54: INFO:: run home
03-07-2024 01:43:49 ERROR Home:110: ERROR:: get logged user data error
03-07-2024 17:53:10 INFO  Login:31: INFO:: run login
03-07-2024 17:53:30 INFO  Login:225: INFO:: login success email:ihara@gmail.com
03-07-2024 17:53:30 INFO  Home:53: INFO:: run home
03-07-2024 17:53:30 INFO  Home:106: INFO:: get logged user data success
03-07-2024 21:54:21 INFO  Login:31: INFO:: run login
03-07-2024 21:54:41 INFO  Login:225: INFO:: login success email:ihara@gmail.com
03-07-2024 21:54:41 INFO  Home:53: INFO:: run home
03-07-2024 21:54:41 INFO  Home:106: INFO:: get logged user data success
03-07-2024 21:55:28 INFO  Login:31: INFO:: run login
03-07-2024 21:55:41 INFO  Login:225: INFO:: login success email:ihara@gmail.com
03-07-2024 21:55:42 INFO  Home:53: INFO:: run home
03-07-2024 21:55:42 INFO  Home:106: INFO:: get logged user data success
03-07-2024 22:35:24 INFO  Home:53: INFO:: run home
03-07-2024 22:35:25 ERROR Home:109: ERROR:: get logged user data error
03-07-2024 22:37:00 INFO  Home:53: INFO:: run home
03-07-2024 22:37:01 ERROR Home:109: ERROR:: get logged user data error
03-07-2024 22:43:02 INFO  Home:53: INFO:: run home
03-07-2024 22:43:03 ERROR Home:109: ERROR:: get logged user data error
03-07-2024 22:52:37 INFO  Home:53: INFO:: run home
03-07-2024 22:52:37 ERROR Home:109: ERROR:: get logged user data error
03-07-2024 23:08:58 INFO  Home:53: INFO:: run home
03-07-2024 23:08:58 ERROR Home:109: ERROR:: get logged user data error
