01-12-2024 14:32:13 INFO  Login:30: INFO:: run login
01-12-2024 14:32:33 WARN  Login:251: WARNING:: Invalid login email:ihara
01-12-2024 14:32:46 INFO  Login:244: INFO:: login success email:ihara@gmail.com
01-12-2024 14:32:49 INFO  Home:57: INFO:: run home
01-12-2024 14:32:49 INFO  Home:511: INFO:: get logged user data success
01-12-2024 14:54:56 INFO  Login:30: INFO:: run login
01-12-2024 14:55:14 INFO  Login:244: INFO:: login success email:ihara@gmail.com
01-12-2024 14:55:15 INFO  Home:57: INFO:: run home
01-12-2024 14:55:15 INFO  Home:511: INFO:: get logged user data success
01-12-2024 16:08:11 INFO  Login:30: INFO:: run login
01-12-2024 16:08:29 INFO  Login:244: INFO:: login success email:ihara@gmail.com
01-12-2024 16:08:30 INFO  Home:57: INFO:: run home
01-12-2024 16:08:30 INFO  Home:511: INFO:: get logged user data success
01-12-2024 18:04:26 INFO  Login:30: INFO:: run login
01-12-2024 18:04:44 INFO  Login:244: INFO:: login success email:ihara@gmail.com
01-12-2024 18:04:45 INFO  Home:57: INFO:: run home
01-12-2024 18:04:45 INFO  Home:511: INFO:: get logged user data success
01-12-2024 18:06:35 INFO  Login:30: INFO:: run login
01-12-2024 18:06:54 INFO  Login:244: INFO:: login success email:ihara@gmail.com
01-12-2024 18:06:55 INFO  Home:57: INFO:: run home
01-12-2024 18:06:55 INFO  Home:511: INFO:: get logged user data success
01-12-2024 18:09:20 INFO  Login:30: INFO:: run login
01-12-2024 18:09:36 INFO  Login:244: INFO:: login success email:ihara@gmail.com
01-12-2024 18:09:37 INFO  Home:57: INFO:: run home
01-12-2024 18:09:37 INFO  Home:511: INFO:: get logged user data success
01-12-2024 19:08:58 INFO  Login:30: INFO:: run login
01-12-2024 19:09:15 INFO  Login:244: INFO:: login success email:ihara@gmail.com
01-12-2024 19:09:16 INFO  Home:57: INFO:: run home
01-12-2024 19:09:16 INFO  Home:511: INFO:: get logged user data success
01-12-2024 19:41:12 INFO  Login:30: INFO:: run login
01-12-2024 19:41:29 INFO  Login:244: INFO:: login success email:ihara@gmail.com
01-12-2024 19:41:30 INFO  Home:57: INFO:: run home
01-12-2024 19:41:30 INFO  Home:511: INFO:: get logged user data success
01-12-2024 21:25:33 INFO  Login:30: INFO:: run login
01-12-2024 21:27:33 INFO  Login:30: INFO:: run login
01-12-2024 21:29:57 INFO  Login:30: INFO:: run login
01-12-2024 21:30:11 INFO  Login:244: INFO:: login success email:ihara@gmail.com
01-12-2024 21:30:12 INFO  Home:57: INFO:: run home
01-12-2024 21:30:12 INFO  Home:511: INFO:: get logged user data success
