02-07-2024 23:03:36 DEBUG Login:30: DEBUG:: debug test
02-07-2024 23:03:36 INFO  Login:31: INFO:: debug test
02-07-2024 23:03:36 ERROR Login:32: ERROR:: debug test
02-07-2024 23:03:36 WARN  Login:33: WARNING:: debug test
02-07-2024 23:03:36 FATAL Login:34: FATAL:: debug test
02-07-2024 23:21:21 DEBUG Login:30: DEBUG:: debug test
02-07-2024 23:21:21 INFO  Login:31: INFO:: debug test
02-07-2024 23:21:21 ERROR Login:32: ERROR:: debug test
02-07-2024 23:21:21 WARN  Login:33: WARNING:: debug test
02-07-2024 23:21:21 FATAL Login:34: FATAL:: debug test
02-07-2024 23:21:35 WARN  Login:232: Invalid login
02-07-2024 23:21:43 DEBUG Home:51: DEBUG:: debug test
02-07-2024 23:21:43 INFO  Home:52: INFO:: debug test
02-07-2024 23:21:43 ERROR Home:53: ERROR:: debug test
02-07-2024 23:21:43 WARN  Home:54: WARNING:: debug test
02-07-2024 23:21:43 FATAL Home:55: FATAL:: debug test
02-07-2024 23:21:43 INFO  Login:229: INFO:: login success
02-07-2024 23:46:23 INFO  Login:31: INFO:: run login
02-07-2024 23:46:37 INFO  Login:225: INFO:: login success email:ihara@gmail.com
02-07-2024 23:46:38 INFO  Home:42: INFO:: run home
02-07-2024 23:46:38 INFO  Home:60: INFO:: get logged user data success
02-07-2024 23:48:18 INFO  Login:31: INFO:: run login
02-07-2024 23:48:36 INFO  Login:225: INFO:: login success email:ihara@gmail.com
02-07-2024 23:48:37 INFO  Home:42: INFO:: run home
02-07-2024 23:48:37 INFO  Home:60: INFO:: get logged user data success
02-07-2024 23:52:53 INFO  Login:31: INFO:: run login
02-07-2024 23:53:00 INFO  Home:48: INFO:: run home
02-07-2024 23:53:00 ERROR Home:83: ERROR:: get logged user data error
02-07-2024 23:54:51 INFO  Home:48: INFO:: run home
02-07-2024 23:54:52 ERROR Home:83: ERROR:: get logged user data error
